<?xml version="1.0" encoding="UTF-8"?>
<!-- Generated by org.testng.reporters.JUnitReportReporter -->
<testsuite skipped="0" hostname="DESKTOP-OM0CS7U" name="com.synchronisys.testcases.SampleTestCase" tests="1" failures="0" timestamp="02 Sep 2019 13:48:05 GMT" time="51.457" errors="0">
  <testcase name="Validate_Login" time="51.457" classname="com.synchronisys.testcases.SampleTestCase"/>
</testsuite> <!-- com.synchronisys.testcases.SampleTestCase -->
