<?xml version="1.0" encoding="UTF-8"?>
<!-- Generated by org.testng.reporters.JUnitReportReporter -->
<testsuite skipped="0" hostname="DESKTOP-OM0CS7U" name="com.synchronisys.testcases.AppTest" tests="1" failures="0" timestamp="02 Sep 2019 03:14:52 GMT" time="16.814" errors="0">
  <testcase name="Validate_Login" time="16.814" classname="com.synchronisys.testcases.AppTest"/>
</testsuite> <!-- com.synchronisys.testcases.AppTest -->
