<?xml version="1.0" encoding="UTF-8"?>
<!-- Generated by org.testng.reporters.JUnitReportReporter -->
<testsuite skipped="0" hostname="DESKTOP-OM0CS7U" name="com.synchronisys.testcases.SampleTest" tests="1" failures="0" timestamp="02 Sep 2019 13:33:48 GMT" time="26.354" errors="0">
  <testcase name="Validate_Login" time="26.354" classname="com.synchronisys.testcases.SampleTest"/>
</testsuite> <!-- com.synchronisys.testcases.SampleTest -->
